  ProjektnaAlNeki.cpp
C:\Šula\vaje-nro\projektna\ProjektnaAlNeki\ProjektnaAlNeki.cpp(40,25): warning C4244: 'argument': conversion from 'double' to '_Ty', possible loss of data
C:\Šula\vaje-nro\projektna\ProjektnaAlNeki\ProjektnaAlNeki.cpp(40,25): warning C4244:         with
C:\Šula\vaje-nro\projektna\ProjektnaAlNeki\ProjektnaAlNeki.cpp(40,25): warning C4244:         [
C:\Šula\vaje-nro\projektna\ProjektnaAlNeki\ProjektnaAlNeki.cpp(40,25): warning C4244:             _Ty=int
C:\Šula\vaje-nro\projektna\ProjektnaAlNeki\ProjektnaAlNeki.cpp(40,25): warning C4244:         ]
C:\Šula\vaje-nro\projektna\ProjektnaAlNeki\ProjektnaAlNeki.cpp(68,25): warning C4244: 'argument': conversion from 'double' to '_Ty', possible loss of data
C:\Šula\vaje-nro\projektna\ProjektnaAlNeki\ProjektnaAlNeki.cpp(68,25): warning C4244:         with
C:\Šula\vaje-nro\projektna\ProjektnaAlNeki\ProjektnaAlNeki.cpp(68,25): warning C4244:         [
C:\Šula\vaje-nro\projektna\ProjektnaAlNeki\ProjektnaAlNeki.cpp(68,25): warning C4244:             _Ty=int
C:\Šula\vaje-nro\projektna\ProjektnaAlNeki\ProjektnaAlNeki.cpp(68,25): warning C4244:         ]
C:\Šula\vaje-nro\projektna\ProjektnaAlNeki\ProjektnaAlNeki.cpp(96,25): warning C4244: 'argument': conversion from 'double' to '_Ty', possible loss of data
C:\Šula\vaje-nro\projektna\ProjektnaAlNeki\ProjektnaAlNeki.cpp(96,25): warning C4244:         with
C:\Šula\vaje-nro\projektna\ProjektnaAlNeki\ProjektnaAlNeki.cpp(96,25): warning C4244:         [
C:\Šula\vaje-nro\projektna\ProjektnaAlNeki\ProjektnaAlNeki.cpp(96,25): warning C4244:             _Ty=int
C:\Šula\vaje-nro\projektna\ProjektnaAlNeki\ProjektnaAlNeki.cpp(96,25): warning C4244:         ]
C:\Šula\vaje-nro\projektna\ProjektnaAlNeki\ProjektnaAlNeki.cpp(168,37): warning C4244: 'argument': conversion from 'double' to '_Ty', possible loss of data
C:\Šula\vaje-nro\projektna\ProjektnaAlNeki\ProjektnaAlNeki.cpp(168,37): warning C4244:         with
C:\Šula\vaje-nro\projektna\ProjektnaAlNeki\ProjektnaAlNeki.cpp(168,37): warning C4244:         [
C:\Šula\vaje-nro\projektna\ProjektnaAlNeki\ProjektnaAlNeki.cpp(168,37): warning C4244:             _Ty=int
C:\Šula\vaje-nro\projektna\ProjektnaAlNeki\ProjektnaAlNeki.cpp(168,37): warning C4244:         ]
C:\Šula\vaje-nro\projektna\ProjektnaAlNeki\ProjektnaAlNeki.cpp(211,14): warning C4267: 'initializing': conversion from 'size_t' to 'int', possible loss of data
C:\Šula\vaje-nro\projektna\ProjektnaAlNeki\ProjektnaAlNeki.cpp(234,38): warning C4244: 'initializing': conversion from '_Ty' to 'int', possible loss of data
C:\Šula\vaje-nro\projektna\ProjektnaAlNeki\ProjektnaAlNeki.cpp(234,38): warning C4244:         with
C:\Šula\vaje-nro\projektna\ProjektnaAlNeki\ProjektnaAlNeki.cpp(234,38): warning C4244:         [
C:\Šula\vaje-nro\projektna\ProjektnaAlNeki\ProjektnaAlNeki.cpp(234,38): warning C4244:             _Ty=double
C:\Šula\vaje-nro\projektna\ProjektnaAlNeki\ProjektnaAlNeki.cpp(234,38): warning C4244:         ]
  ProjektnaAlNeki.vcxproj -> C:\Šula\vaje-nro\projektna\x64\Debug\ProjektnaAlNeki.exe
